<?xml version="1.0" encoding="UTF-8"?>
<!-- Generated by org.testng.reporters.JUnitReportReporter -->
<testsuite hostname="DESKTOP-NNUT4JU" failures="0" tests="3" name="com.test.TestClass1" time="1.822" errors="0" timestamp="2025-04-29T17:25:39 IST" skipped="0">
  <testcase classname="com.test.TestClass1" name="test3" time="0.000"/>
  <system-out/>
  <testcase classname="com.test.TestClass1" name="test1" time="1.822"/>
  <system-out/>
  <testcase classname="com.test.TestClass1" name="test2" time="0.000"/>
  <system-out/>
</testsuite> <!-- com.test.TestClass1 -->
