<?xml version="1.0" encoding="UTF-8"?>
<!-- Generated by org.testng.reporters.JUnitReportReporter -->
<testsuite hostname="DESKTOP-NNUT4JU" failures="0" tests="1" name="com.test.TestClass2" time="4.206" errors="0" timestamp="2025-04-29T17:25:39 IST" skipped="0">
  <testcase classname="com.test.TestClass2" name="test4" time="4.206"/>
  <system-out/>
</testsuite> <!-- com.test.TestClass2 -->
